0 info it worked if it ends with ok
1 verbose cli [ 'C:\\Program Files\\nodejs\\node.exe',
1 verbose cli   'C:\\Program Files\\nodejs\\node_modules\\npm\\bin\\npm-cli.js',
1 verbose cli   'install',
1 verbose cli   'event.js' ]
2 info using npm@2.15.0
3 info using node@v4.4.2
4 verbose install initial load of F:\nodeStudy\nodeStudyNew\package.json
5 warn package.json 1@0.0.0 No repository field.
6 warn package.json 1@0.0.0 No README data
7 verbose installManyTop reading scoped package data from F:\nodeStudy\nodeStudyNew\node_modules\event\package.json
8 verbose installManyTop reading scoped package data from F:\nodeStudy\nodeStudyNew\node_modules\events\package.json
9 verbose installManyTop reading scoped package data from F:\nodeStudy\nodeStudyNew\node_modules\mime\package.json
10 verbose installManyTop reading scoped package data from F:\nodeStudy\nodeStudyNew\node_modules\util\package.json
11 info package.json event@1.0.0 No license field.
12 info package.json mime@1.3.4 No license field.
13 info package.json util@0.10.3 util is also the name of a node core module.
14 info package.json events@1.1.0 events is also the name of a node core module.
15 verbose readDependencies loading dependencies from F:\nodeStudy\nodeStudyNew\package.json
16 silly cache add args [ 'event.js', null ]
17 verbose cache add spec event.js
18 silly cache add parsed spec Result {
18 silly cache add   raw: 'event.js',
18 silly cache add   scope: null,
18 silly cache add   name: null,
18 silly cache add   rawSpec: 'event.js',
18 silly cache add   spec: 'F:\\nodeStudy\\nodeStudyNew\\event\\event.js',
18 silly cache add   type: 'local' }
19 silly addLocalTarball shasum (computed) 0372e207b65185bdeadb4d2122c7610b0cebb66b
20 verbose addTmpTarball F:\nodeStudy\nodeStudyNew\event\event.js not in flight; adding
21 verbose correctMkdir C:\Users\Administrator\AppData\Roaming\npm-cache correctMkdir not in flight; initializing
22 verbose addTmpTarball validating metadata from F:\nodeStudy\nodeStudyNew\event\event.js
23 verbose tar unpack F:\nodeStudy\nodeStudyNew\event\event.js
24 verbose tar unpacking to C:\Users\ADMINI~1\AppData\Local\Temp\npm-10652-858bbe76\unpack-d0201e1bda0d
25 silly gentlyRm C:\Users\ADMINI~1\AppData\Local\Temp\npm-10652-858bbe76\unpack-d0201e1bda0d is being purged
26 verbose gentlyRm don't care about contents; nuking C:\Users\ADMINI~1\AppData\Local\Temp\npm-10652-858bbe76\unpack-d0201e1bda0d
27 silly gunzTarPerm modes [ '777', '666' ]
28 error not a package F:\nodeStudy\nodeStudyNew\event\event.js
29 error addLocal Could not install F:\nodeStudy\nodeStudyNew\event\event.js
30 verbose stack Error: ENOENT: no such file or directory, open 'C:\Users\ADMINI~1\AppData\Local\Temp\npm-10652-858bbe76\unpack-d0201e1bda0d\package.json'
30 verbose stack     at Error (native)
31 verbose cwd F:\nodeStudy\nodeStudyNew\event
32 error Windows_NT 6.1.7601
33 error argv "C:\\Program Files\\nodejs\\node.exe" "C:\\Program Files\\nodejs\\node_modules\\npm\\bin\\npm-cli.js" "install" "event.js"
34 error node v4.4.2
35 error npm  v2.15.0
36 error path C:\Users\ADMINI~1\AppData\Local\Temp\npm-10652-858bbe76\unpack-d0201e1bda0d\package.json
37 error code ENOENT
38 error errno -4058
39 error syscall open
40 error enoent ENOENT: no such file or directory, open 'C:\Users\ADMINI~1\AppData\Local\Temp\npm-10652-858bbe76\unpack-d0201e1bda0d\package.json'
40 error enoent This is most likely not a problem with npm itself
40 error enoent and is related to npm not being able to find a file.
41 verbose exit [ -4058, true ]
